<?xml version="1.0" encoding="UTF-8"?>
<testng-results skipped="0" failed="0" total="1" passed="1">
  <reporter-output>
  </reporter-output>
  <suite name="Suite" duration-ms="17382" started-at="2019-03-01T20:10:55Z" finished-at="2019-03-01T20:11:12Z">
    <groups>
    </groups>
    <test name="Test" duration-ms="17382" started-at="2019-03-01T20:10:55Z" finished-at="2019-03-01T20:11:12Z">
      <class name="testCases.HRMApplication01">
        <test-method status="PASS" signature="test()[pri:0, instance:testCases.HRMApplication01@68c4039c]" name="test" duration-ms="17362" started-at="2019-03-02T01:40:55Z" finished-at="2019-03-02T01:41:12Z">
          <reporter-output>
          </reporter-output>
        </test-method> <!-- test -->
      </class> <!-- testCases.HRMApplication01 -->
    </test> <!-- Test -->
  </suite> <!-- Suite -->
</testng-results>
